2019.12.17 18:21 B F:\Trabajo\ESAN\Web tremplate\images\banner.jpg --> www.cocoa.pe /cocoa.pe/esan/images banner.jpg
2019.12.17 18:21 B F:\Trabajo\ESAN\Web tremplate\images\bg-boletin.jpg --> www.cocoa.pe /cocoa.pe/esan/images bg-boletin.jpg
2019.12.17 18:21 B F:\Trabajo\ESAN\Web tremplate\images\bg-informacion.jpg --> www.cocoa.pe /cocoa.pe/esan/images bg-informacion.jpg
2019.12.17 18:21 B F:\Trabajo\ESAN\Web tremplate\images\bg-menu.jpg --> www.cocoa.pe /cocoa.pe/esan/images bg-menu.jpg
2019.12.17 18:21 B F:\Trabajo\ESAN\Web tremplate\images\bg-video.jpg --> www.cocoa.pe /cocoa.pe/esan/images bg-video.jpg
2019.12.17 18:21 B F:\Trabajo\ESAN\Web tremplate\images\brochure.png --> www.cocoa.pe /cocoa.pe/esan/images brochure.png
2019.12.17 18:21 B F:\Trabajo\ESAN\Web tremplate\images\brochure.svg --> www.cocoa.pe /cocoa.pe/esan/images brochure.svg
2019.12.17 18:21 B F:\Trabajo\ESAN\Web tremplate\images\btn-close.svg --> www.cocoa.pe /cocoa.pe/esan/images btn-close.svg
2019.12.17 18:21 B F:\Trabajo\ESAN\Web tremplate\images\btn-menu.svg --> www.cocoa.pe /cocoa.pe/esan/images btn-menu.svg
2019.12.17 18:21 B F:\Trabajo\ESAN\Web tremplate\images\card-1.jpg --> www.cocoa.pe /cocoa.pe/esan/images card-1.jpg
2019.12.17 18:21 B F:\Trabajo\ESAN\Web tremplate\images\card-2.jpg --> www.cocoa.pe /cocoa.pe/esan/images card-2.jpg
2019.12.17 18:21 B F:\Trabajo\ESAN\Web tremplate\images\date-bg.png --> www.cocoa.pe /cocoa.pe/esan/images date-bg.png
2019.12.17 18:21 B F:\Trabajo\ESAN\Web tremplate\images\der.svg --> www.cocoa.pe /cocoa.pe/esan/images der.svg
2019.12.17 18:21 B F:\Trabajo\ESAN\Web tremplate\images\dropdown-arrow.svg --> www.cocoa.pe /cocoa.pe/esan/images dropdown-arrow.svg
2019.12.17 18:21 B F:\Trabajo\ESAN\Web tremplate\images\escclermont.png --> www.cocoa.pe /cocoa.pe/esan/images escclermont.png
2019.12.17 18:21 B F:\Trabajo\ESAN\Web tremplate\images\exp-imagen.jpg --> www.cocoa.pe /cocoa.pe/esan/images exp-imagen.jpg
2019.12.17 18:21 B F:\Trabajo\ESAN\Web tremplate\images\facebook.svg --> www.cocoa.pe /cocoa.pe/esan/images facebook.svg
2019.12.17 18:21 B F:\Trabajo\ESAN\Web tremplate\images\flag-espana.png --> www.cocoa.pe /cocoa.pe/esan/images flag-espana.png
2019.12.17 18:21 B F:\Trabajo\ESAN\Web tremplate\images\flag-francia.png --> www.cocoa.pe /cocoa.pe/esan/images flag-francia.png
2019.12.17 18:21 B F:\Trabajo\ESAN\Web tremplate\images\flag-peru.png --> www.cocoa.pe /cocoa.pe/esan/images flag-peru.png
2019.12.17 18:21 B F:\Trabajo\ESAN\Web tremplate\images\googleplus.svg --> www.cocoa.pe /cocoa.pe/esan/images googleplus.svg
2019.12.17 18:21 B F:\Trabajo\ESAN\Web tremplate\images\i.svg --> www.cocoa.pe /cocoa.pe/esan/images i.svg
2019.12.17 18:21 B F:\Trabajo\ESAN\Web tremplate\images\icon-acceder.svg --> www.cocoa.pe /cocoa.pe/esan/images icon-acceder.svg
2019.12.17 18:21 B F:\Trabajo\ESAN\Web tremplate\images\icon-ampliar.svg --> www.cocoa.pe /cocoa.pe/esan/images icon-ampliar.svg
2019.12.17 18:21 B F:\Trabajo\ESAN\Web tremplate\images\icon-back.svg --> www.cocoa.pe /cocoa.pe/esan/images icon-back.svg
2019.12.17 18:21 B F:\Trabajo\ESAN\Web tremplate\images\icon-birrete.svg --> www.cocoa.pe /cocoa.pe/esan/images icon-birrete.svg
2019.12.17 18:21 B F:\Trabajo\ESAN\Web tremplate\images\icon-build.svg --> www.cocoa.pe /cocoa.pe/esan/images icon-build.svg
2019.12.17 18:21 B F:\Trabajo\ESAN\Web tremplate\images\icon-calendar.svg --> www.cocoa.pe /cocoa.pe/esan/images icon-calendar.svg
2019.12.17 18:21 B F:\Trabajo\ESAN\Web tremplate\images\icon-examenes.svg --> www.cocoa.pe /cocoa.pe/esan/images icon-examenes.svg
2019.12.17 18:21 B F:\Trabajo\ESAN\Web tremplate\images\icon-fortalecer.svg --> www.cocoa.pe /cocoa.pe/esan/images icon-fortalecer.svg
2019.12.17 18:21 B F:\Trabajo\ESAN\Web tremplate\images\icon-forward.svg --> www.cocoa.pe /cocoa.pe/esan/images icon-forward.svg
2019.12.17 18:21 B F:\Trabajo\ESAN\Web tremplate\images\icon-horario.svg --> www.cocoa.pe /cocoa.pe/esan/images icon-horario.svg
2019.12.17 18:21 B F:\Trabajo\ESAN\Web tremplate\images\icon-inauguracion.svg --> www.cocoa.pe /cocoa.pe/esan/images icon-inauguracion.svg
2019.12.17 18:21 B F:\Trabajo\ESAN\Web tremplate\images\icon-peru.svg --> www.cocoa.pe /cocoa.pe/esan/images icon-peru.svg
2019.12.17 18:21 B F:\Trabajo\ESAN\Web tremplate\images\icon-play.svg --> www.cocoa.pe /cocoa.pe/esan/images icon-play.svg
2019.12.17 18:21 B F:\Trabajo\ESAN\Web tremplate\images\icon-world.svg --> www.cocoa.pe /cocoa.pe/esan/images icon-world.svg
2019.12.17 18:21 B F:\Trabajo\ESAN\Web tremplate\images\imagen-docentes.jpg --> www.cocoa.pe /cocoa.pe/esan/images imagen-docentes.jpg
2019.12.17 18:21 B F:\Trabajo\ESAN\Web tremplate\images\imagen-duracion-horarios.jpg --> www.cocoa.pe /cocoa.pe/esan/images imagen-duracion-horarios.jpg
2019.12.17 18:21 B F:\Trabajo\ESAN\Web tremplate\images\imagen-especialidad.jpg --> www.cocoa.pe /cocoa.pe/esan/images imagen-especialidad.jpg
2019.12.17 18:21 B F:\Trabajo\ESAN\Web tremplate\images\imagen-inversion.jpg --> www.cocoa.pe /cocoa.pe/esan/images imagen-inversion.jpg
2019.12.17 18:21 B F:\Trabajo\ESAN\Web tremplate\images\imagen-malla.jpg --> www.cocoa.pe /cocoa.pe/esan/images imagen-malla.jpg
2019.12.17 18:21 B F:\Trabajo\ESAN\Web tremplate\images\int-week.png --> www.cocoa.pe /cocoa.pe/esan/images int-week.png
2019.12.17 18:21 B F:\Trabajo\ESAN\Web tremplate\images\izq.svg --> www.cocoa.pe /cocoa.pe/esan/images izq.svg
2019.12.17 18:21 B F:\Trabajo\ESAN\Web tremplate\images\linkedin.svg --> www.cocoa.pe /cocoa.pe/esan/images linkedin.svg
2019.12.17 18:21 B F:\Trabajo\ESAN\Web tremplate\images\logo-esan.svg --> www.cocoa.pe /cocoa.pe/esan/images logo-esan.svg
2019.12.17 18:21 B F:\Trabajo\ESAN\Web tremplate\images\logo.svg --> www.cocoa.pe /cocoa.pe/esan/images logo.svg
2019.12.17 18:21 B F:\Trabajo\ESAN\Web tremplate\images\mundo.png --> www.cocoa.pe /cocoa.pe/esan/images mundo.png
2019.12.17 18:21 B F:\Trabajo\ESAN\Web tremplate\images\next-01.svg --> www.cocoa.pe /cocoa.pe/esan/images next-01.svg
2019.12.17 18:21 B F:\Trabajo\ESAN\Web tremplate\images\prev-01.svg --> www.cocoa.pe /cocoa.pe/esan/images prev-01.svg
2019.12.17 18:21 B F:\Trabajo\ESAN\Web tremplate\images\slide-1.png --> www.cocoa.pe /cocoa.pe/esan/images slide-1.png
2019.12.17 18:21 B F:\Trabajo\ESAN\Web tremplate\images\slide-2.png --> www.cocoa.pe /cocoa.pe/esan/images slide-2.png
2019.12.17 18:21 B F:\Trabajo\ESAN\Web tremplate\images\slide-3.png --> www.cocoa.pe /cocoa.pe/esan/images slide-3.png
2019.12.17 18:21 B F:\Trabajo\ESAN\Web tremplate\images\twitter.svg --> www.cocoa.pe /cocoa.pe/esan/images twitter.svg
2019.12.17 18:21 B F:\Trabajo\ESAN\Web tremplate\images\youtube.svg --> www.cocoa.pe /cocoa.pe/esan/images youtube.svg
2019.12.19 14:08 B F:\Trabajo\ESAN\Web tremplate\images\banner02.jpg --> www.cocoa.pe /cocoa.pe/esan/images banner02.jpg
2019.12.19 14:08 B F:\Trabajo\ESAN\Web tremplate\images\banner03.jpg --> www.cocoa.pe /cocoa.pe/esan/images banner03.jpg
2019.12.19 14:08 B F:\Trabajo\ESAN\Web tremplate\images\bg-innovacion.jpg --> www.cocoa.pe /cocoa.pe/esan/images bg-innovacion.jpg
2019.12.19 14:08 B F:\Trabajo\ESAN\Web tremplate\images\bg-video-2.jpg --> www.cocoa.pe /cocoa.pe/esan/images bg-video-2.jpg
2019.12.19 14:08 B F:\Trabajo\ESAN\Web tremplate\images\books.svg --> www.cocoa.pe /cocoa.pe/esan/images books.svg
2019.12.19 14:08 B F:\Trabajo\ESAN\Web tremplate\images\brochure.png --> www.cocoa.pe /cocoa.pe/esan/images brochure.png
2019.12.19 14:08 B F:\Trabajo\ESAN\Web tremplate\images\conectar.svg --> www.cocoa.pe /cocoa.pe/esan/images conectar.svg
2019.12.19 14:08 B F:\Trabajo\ESAN\Web tremplate\images\education.svg --> www.cocoa.pe /cocoa.pe/esan/images education.svg
2019.12.19 14:08 B F:\Trabajo\ESAN\Web tremplate\images\empoderar.svg --> www.cocoa.pe /cocoa.pe/esan/images empoderar.svg
2019.12.19 14:08 B F:\Trabajo\ESAN\Web tremplate\images\event.svg --> www.cocoa.pe /cocoa.pe/esan/images event.svg
2019.12.19 14:08 B F:\Trabajo\ESAN\Web tremplate\images\icon-back-white-01.svg --> www.cocoa.pe /cocoa.pe/esan/images icon-back-white-01.svg
2019.12.19 14:08 B F:\Trabajo\ESAN\Web tremplate\images\imagen-consejo-consultivo.jpg --> www.cocoa.pe /cocoa.pe/esan/images imagen-consejo-consultivo.jpg
2019.12.19 14:08 B F:\Trabajo\ESAN\Web tremplate\images\imagen-enqueconsiste-1.jpg --> www.cocoa.pe /cocoa.pe/esan/images imagen-enqueconsiste-1.jpg
2019.12.19 14:08 B F:\Trabajo\ESAN\Web tremplate\images\imagen-objetivo.png --> www.cocoa.pe /cocoa.pe/esan/images imagen-objetivo.png
2019.12.19 14:08 B F:\Trabajo\ESAN\Web tremplate\images\imagen-sobre-programa.jpg --> www.cocoa.pe /cocoa.pe/esan/images imagen-sobre-programa.jpg
2019.12.19 14:08 B F:\Trabajo\ESAN\Web tremplate\images\inspirar.svg --> www.cocoa.pe /cocoa.pe/esan/images inspirar.svg
2019.12.19 14:08 B F:\Trabajo\ESAN\Web tremplate\images\logo-aacsb-x2.png --> www.cocoa.pe /cocoa.pe/esan/images logo-aacsb-x2.png
2019.12.19 14:08 B F:\Trabajo\ESAN\Web tremplate\images\logo-aacsb.png --> www.cocoa.pe /cocoa.pe/esan/images logo-aacsb.png
2019.12.19 14:08 B F:\Trabajo\ESAN\Web tremplate\images\logo-amba.png --> www.cocoa.pe /cocoa.pe/esan/images logo-amba.png
2019.12.19 14:08 B F:\Trabajo\ESAN\Web tremplate\images\logo-cde.png --> www.cocoa.pe /cocoa.pe/esan/images logo-cde.png
2019.12.19 14:08 B F:\Trabajo\ESAN\Web tremplate\images\logo-cendoc.png --> www.cocoa.pe /cocoa.pe/esan/images logo-cendoc.png
2019.12.19 14:08 B F:\Trabajo\ESAN\Web tremplate\images\logo-cepic.png --> www.cocoa.pe /cocoa.pe/esan/images logo-cepic.png
2019.12.19 14:08 B F:\Trabajo\ESAN\Web tremplate\images\logo-cladea.png --> www.cocoa.pe /cocoa.pe/esan/images logo-cladea.png
2019.12.19 14:08 B F:\Trabajo\ESAN\Web tremplate\images\logo-ecoesan.png --> www.cocoa.pe /cocoa.pe/esan/images logo-ecoesan.png
2019.12.19 14:08 B F:\Trabajo\ESAN\Web tremplate\images\logo-efmd.png --> www.cocoa.pe /cocoa.pe/esan/images logo-efmd.png
2019.12.19 14:08 B F:\Trabajo\ESAN\Web tremplate\images\logo-esan-alumni.png --> www.cocoa.pe /cocoa.pe/esan/images logo-esan-alumni.png
2019.12.19 14:08 B F:\Trabajo\ESAN\Web tremplate\images\logo-fablab.png --> www.cocoa.pe /cocoa.pe/esan/images logo-fablab.png
2019.12.19 14:08 B F:\Trabajo\ESAN\Web tremplate\images\logo-innova-esan.png --> www.cocoa.pe /cocoa.pe/esan/images logo-innova-esan.png
2019.12.19 14:08 B F:\Trabajo\ESAN\Web tremplate\images\logo-nibes.png --> www.cocoa.pe /cocoa.pe/esan/images logo-nibes.png
2019.12.19 14:08 B F:\Trabajo\ESAN\Web tremplate\images\logo-pim.png --> www.cocoa.pe /cocoa.pe/esan/images logo-pim.png
2019.12.19 14:08 B F:\Trabajo\ESAN\Web tremplate\images\logo-prime.png --> www.cocoa.pe /cocoa.pe/esan/images logo-prime.png
2019.12.19 14:08 B F:\Trabajo\ESAN\Web tremplate\images\logo-unicon.png --> www.cocoa.pe /cocoa.pe/esan/images logo-unicon.png
2019.12.19 14:08 B F:\Trabajo\ESAN\Web tremplate\images\mba-for-masters.png --> www.cocoa.pe /cocoa.pe/esan/images mba-for-masters.png
2019.12.19 14:08 B F:\Trabajo\ESAN\Web tremplate\images\mision-bg.png --> www.cocoa.pe /cocoa.pe/esan/images mision-bg.png
2019.12.19 14:08 B F:\Trabajo\ESAN\Web tremplate\images\promover.svg --> www.cocoa.pe /cocoa.pe/esan/images promover.svg
2019.12.19 14:09 B F:\Trabajo\ESAN\Web tremplate\images\video-mba.jpg --> www.cocoa.pe /cocoa.pe/esan/images video-mba.jpg
2019.12.19 14:09 B F:\Trabajo\ESAN\Web tremplate\images\vision-bg.png --> www.cocoa.pe /cocoa.pe/esan/images vision-bg.png
2019.12.19 14:09 B F:\Trabajo\ESAN\Web tremplate\images\workers.svg --> www.cocoa.pe /cocoa.pe/esan/images workers.svg
2019.12.19 14:09 B F:\Trabajo\ESAN\Web tremplate\images\WS_FTP.LOG --> www.cocoa.pe /cocoa.pe/esan/images WS_FTP.LOG
2019.12.20 11:14 B F:\Trabajo\ESAN\Web tremplate\images\mapa-mundo.png --> www.cocoa.pe /cocoa.pe/esan/images mapa-mundo.png
2019.12.20 11:14 B F:\Trabajo\ESAN\Web tremplate\images\mapa-peru.png --> www.cocoa.pe /cocoa.pe/esan/images mapa-peru.png
2019.12.20 11:14 B F:\Trabajo\ESAN\Web tremplate\images\imagen-doble-grado.jpg --> www.cocoa.pe /cocoa.pe/esan/images imagen-doble-grado.jpg
2019.12.20 11:14 B F:\Trabajo\ESAN\Web tremplate\images\Group 44.jpg --> www.cocoa.pe /cocoa.pe/esan/images Group 44.jpg
2019.12.20 11:14 B F:\Trabajo\ESAN\Web tremplate\images\logo-esc-2.png --> www.cocoa.pe /cocoa.pe/esan/images logo-esc-2.png
2019.12.20 11:14 B F:\Trabajo\ESAN\Web tremplate\images\WS_FTP.LOG --> www.cocoa.pe /cocoa.pe/esan/images WS_FTP.LOG
2019.12.20 11:14 B F:\Trabajo\ESAN\Web tremplate\images\workers.svg --> www.cocoa.pe /cocoa.pe/esan/images workers.svg
2019.12.20 11:14 B F:\Trabajo\ESAN\Web tremplate\images\event.svg --> www.cocoa.pe /cocoa.pe/esan/images event.svg
2019.12.20 11:14 B F:\Trabajo\ESAN\Web tremplate\images\education.svg --> www.cocoa.pe /cocoa.pe/esan/images education.svg
2019.12.20 11:14 B F:\Trabajo\ESAN\Web tremplate\images\books.svg --> www.cocoa.pe /cocoa.pe/esan/images books.svg
2019.12.20 11:14 B F:\Trabajo\ESAN\Web tremplate\images\imagen-enqueconsiste-1.jpg --> www.cocoa.pe /cocoa.pe/esan/images imagen-enqueconsiste-1.jpg
2019.12.20 11:14 B F:\Trabajo\ESAN\Web tremplate\images\bg-innovacion.jpg --> www.cocoa.pe /cocoa.pe/esan/images bg-innovacion.jpg
2019.12.20 11:14 B F:\Trabajo\ESAN\Web tremplate\images\logo-cendoc.png --> www.cocoa.pe /cocoa.pe/esan/images logo-cendoc.png
2019.12.20 11:14 B F:\Trabajo\ESAN\Web tremplate\images\logo-aacsb-x2.png --> www.cocoa.pe /cocoa.pe/esan/images logo-aacsb-x2.png
2019.12.20 11:14 B F:\Trabajo\ESAN\Web tremplate\images\logo-ecoesan.png --> www.cocoa.pe /cocoa.pe/esan/images logo-ecoesan.png
2019.12.20 11:14 B F:\Trabajo\ESAN\Web tremplate\images\logo-cde.png --> www.cocoa.pe /cocoa.pe/esan/images logo-cde.png
2019.12.20 11:14 B F:\Trabajo\ESAN\Web tremplate\images\logo-innova-esan.png --> www.cocoa.pe /cocoa.pe/esan/images logo-innova-esan.png
2019.12.20 11:14 B F:\Trabajo\ESAN\Web tremplate\images\logo-fablab.png --> www.cocoa.pe /cocoa.pe/esan/images logo-fablab.png
2019.12.20 11:14 B F:\Trabajo\ESAN\Web tremplate\images\logo-cepic.png --> www.cocoa.pe /cocoa.pe/esan/images logo-cepic.png
2019.12.20 11:14 B F:\Trabajo\ESAN\Web tremplate\images\promover.svg --> www.cocoa.pe /cocoa.pe/esan/images promover.svg
2019.12.20 11:14 B F:\Trabajo\ESAN\Web tremplate\images\empoderar.svg --> www.cocoa.pe /cocoa.pe/esan/images empoderar.svg
2019.12.20 11:14 B F:\Trabajo\ESAN\Web tremplate\images\conectar.svg --> www.cocoa.pe /cocoa.pe/esan/images conectar.svg
2019.12.20 11:14 B F:\Trabajo\ESAN\Web tremplate\images\inspirar.svg --> www.cocoa.pe /cocoa.pe/esan/images inspirar.svg
2019.12.20 11:14 B F:\Trabajo\ESAN\Web tremplate\images\video-mba.jpg --> www.cocoa.pe /cocoa.pe/esan/images video-mba.jpg
2019.12.20 11:14 B F:\Trabajo\ESAN\Web tremplate\images\mba-for-masters.png --> www.cocoa.pe /cocoa.pe/esan/images mba-for-masters.png
2019.12.20 11:14 B F:\Trabajo\ESAN\Web tremplate\images\logo-esan-alumni.png --> www.cocoa.pe /cocoa.pe/esan/images logo-esan-alumni.png
2019.12.24 13:31 B F:\Trabajo\ESAN\Web tremplate\images\WS_FTP.LOG --> www.cocoa.pe /cocoa.pe/esan/images WS_FTP.LOG
2019.12.24 13:31 B F:\Trabajo\ESAN\Web tremplate\images\mapa-mundo.png --> www.cocoa.pe /cocoa.pe/esan/images mapa-mundo.png
2019.12.24 13:31 B F:\Trabajo\ESAN\Web tremplate\images\mapa-peru.png --> www.cocoa.pe /cocoa.pe/esan/images mapa-peru.png
2019.12.24 13:31 B F:\Trabajo\ESAN\Web tremplate\images\imagen-doble-grado.jpg --> www.cocoa.pe /cocoa.pe/esan/images imagen-doble-grado.jpg
2019.12.24 13:31 B F:\Trabajo\ESAN\Web tremplate\images\Group 44.jpg --> www.cocoa.pe /cocoa.pe/esan/images Group 44.jpg
